Determining if the pthread_create exist failed with the following output:
Change Dir: /export/scratch1/home/tome/Volume/mnt_mac2/expl_comp_strat/build/CMakeFiles/CMakeTmp

Run Build Command:"/usr/bin/gmake" "cmTC_a90b9/fast"
/usr/bin/gmake -f CMakeFiles/cmTC_a90b9.dir/build.make CMakeFiles/cmTC_a90b9.dir/build
gmake[1]: Entering directory '/export/scratch1/home/tome/Volume/mnt_mac2/expl_comp_strat/build/CMakeFiles/CMakeTmp'
Building C object CMakeFiles/cmTC_a90b9.dir/CheckSymbolExists.c.o
/opt/gcc-5.4.0/bin/gcc    -o CMakeFiles/cmTC_a90b9.dir/CheckSymbolExists.c.o   -c /export/scratch1/home/tome/Volume/mnt_mac2/expl_comp_strat/build/CMakeFiles/CMakeTmp/CheckSymbolExists.c
Linking C executable cmTC_a90b9
/usr/bin/cmake -E cmake_link_script CMakeFiles/cmTC_a90b9.dir/link.txt --verbose=1
/opt/gcc-5.4.0/bin/gcc    -L/usr/local/cuda-9.1/targets/x86_64-linux/lib/  -rdynamic CMakeFiles/cmTC_a90b9.dir/CheckSymbolExists.c.o  -o cmTC_a90b9 
CMakeFiles/cmTC_a90b9.dir/CheckSymbolExists.c.o: In function `main':
CheckSymbolExists.c:(.text+0x16): undefined reference to `pthread_create'
collect2: error: ld returned 1 exit status
gmake[1]: *** [CMakeFiles/cmTC_a90b9.dir/build.make:87: cmTC_a90b9] Error 1
gmake[1]: Leaving directory '/export/scratch1/home/tome/Volume/mnt_mac2/expl_comp_strat/build/CMakeFiles/CMakeTmp'
gmake: *** [Makefile:126: cmTC_a90b9/fast] Error 2

File /export/scratch1/home/tome/Volume/mnt_mac2/expl_comp_strat/build/CMakeFiles/CMakeTmp/CheckSymbolExists.c:
/* */
#include <pthread.h>

int main(int argc, char** argv)
{
  (void)argv;
#ifndef pthread_create
  return ((int*)(&pthread_create))[argc];
#else
  (void)argc;
  return 0;
#endif
}

Determining if the function pthread_create exists in the pthreads failed with the following output:
Change Dir: /export/scratch1/home/tome/Volume/mnt_mac2/expl_comp_strat/build/CMakeFiles/CMakeTmp

Run Build Command:"/usr/bin/gmake" "cmTC_861f9/fast"
/usr/bin/gmake -f CMakeFiles/cmTC_861f9.dir/build.make CMakeFiles/cmTC_861f9.dir/build
gmake[1]: Entering directory '/export/scratch1/home/tome/Volume/mnt_mac2/expl_comp_strat/build/CMakeFiles/CMakeTmp'
Building C object CMakeFiles/cmTC_861f9.dir/CheckFunctionExists.c.o
/opt/gcc-5.4.0/bin/gcc   -DCHECK_FUNCTION_EXISTS=pthread_create   -o CMakeFiles/cmTC_861f9.dir/CheckFunctionExists.c.o   -c /usr/share/cmake/Modules/CheckFunctionExists.c
Linking C executable cmTC_861f9
/usr/bin/cmake -E cmake_link_script CMakeFiles/cmTC_861f9.dir/link.txt --verbose=1
/opt/gcc-5.4.0/bin/gcc  -DCHECK_FUNCTION_EXISTS=pthread_create  -L/usr/local/cuda-9.1/targets/x86_64-linux/lib/  -rdynamic CMakeFiles/cmTC_861f9.dir/CheckFunctionExists.c.o  -o cmTC_861f9 -lpthreads 
/usr/bin/ld: cannot find -lpthreads
collect2: error: ld returned 1 exit status
gmake[1]: *** [CMakeFiles/cmTC_861f9.dir/build.make:87: cmTC_861f9] Error 1
gmake[1]: Leaving directory '/export/scratch1/home/tome/Volume/mnt_mac2/expl_comp_strat/build/CMakeFiles/CMakeTmp'
gmake: *** [Makefile:126: cmTC_861f9/fast] Error 2


